# JRE version: OpenJDK Runtime Environment (17.0.9) (build 17.0.9+0--11185874)
# Java VM: OpenJDK 64-Bit Server VM (17.0.9+0--11185874, mixed mode, tiered, compressed oops, compressed class ptrs, g1 gc, windows-amd64)
GC Precious Log:
 CPUs: 4 total, 4 available
 Memory: 3997M
 Large Page Support: Disabled
 NUMA Support: Disabled
 Compressed Oops: Enabled (32-bit)
 Heap Region Size: 1M
 Heap Min Capacity: 8M
 Heap Initial Capacity: 64M
 Heap Max Capacity: 1536M
 Pre-touch: Disabled
 Parallel Workers: 4
 Concurrent Workers: 1
 Concurrent Refinement Workers: 4
 Periodic GC: Disabled
Heap:
 garbage-first heap   total 188416K, used 147204K [0x00000000a0000000, 0x0000000100000000)
  region size 1024K, 97 young (99328K), 2 survivors (2048K)
 Metaspace       used 67439K, committed 67904K, reserved 1114112K
  class space    used 8519K, committed 8768K, reserved 1048576K
GC Heap History (20 events):
Event: 81.949 GC heap before
{Heap before GC invocations=69 (full 0):
 garbage-first heap   total 188416K, used 160381K [0x00000000a0000000, 0x0000000100000000)
  region size 1024K, 111 young (113664K), 3 survivors (3072K)
 Metaspace       used 67397K, committed 67840K, reserved 1114112K
  class space    used 8516K, committed 8704K, reserved 1048576K
}
Event: 81.955 GC heap after
{Heap after GC invocations=70 (full 0):
 garbage-first heap   total 188416K, used 49760K [0x00000000a0000000, 0x0000000100000000)
  region size 1024K, 2 young (2048K), 2 survivors (2048K)
 Metaspace       used 67397K, committed 67840K, reserved 1114112K
  class space    used 8516K, committed 8704K, reserved 1048576K
}
Event: 82.876 GC heap before
{Heap before GC invocations=70 (full 0):
 garbage-first heap   total 188416K, used 159328K [0x00000000a0000000, 0x0000000100000000)
  region size 1024K, 110 young (112640K), 2 survivors (2048K)
 Metaspace       used 67419K, committed 67904K, reserved 1114112K
  class space    used 8519K, committed 8768K, reserved 1048576K
}
Event: 82.879 GC heap after
{Heap after GC invocations=71 (full 0):
 garbage-first heap   total 188416K, used 50417K [0x00000000a0000000, 0x0000000100000000)
  region size 1024K, 3 young (3072K), 3 survivors (3072K)
 Metaspace       used 67419K, committed 67904K, reserved 1114112K
  class space    used 8519K, committed 8768K, reserved 1048576K
}
Event: 83.457 GC heap before
{Heap before GC invocations=71 (full 0):
 garbage-first heap   total 188416K, used 159985K [0x00000000a0000000, 0x0000000100000000)
  region size 1024K, 110 young (112640K), 3 survivors (3072K)
 Metaspace       used 67429K, committed 67904K, reserved 1114112K
  class space    used 8519K, committed 8768K, reserved 1048576K
}
Event: 83.463 GC heap after
{Heap after GC invocations=72 (full 0):
 garbage-first heap   total 188416K, used 50538K [0x00000000a0000000, 0x0000000100000000)
  region size 1024K, 3 young (3072K), 3 survivors (3072K)
 Metaspace       used 67429K, committed 67904K, reserved 1114112K
  class space    used 8519K, committed 8768K, reserved 1048576K
}
Event: 83.867 GC heap before
{Heap before GC invocations=72 (full 0):
 garbage-first heap   total 188416K, used 159082K [0x00000000a0000000, 0x0000000100000000)
  region size 1024K, 110 young (112640K), 3 survivors (3072K)
 Metaspace       used 67429K, committed 67904K, reserved 1114112K
  class space    used 8519K, committed 8768K, reserved 1048576K
}
Event: 83.871 GC heap after
{Heap after GC invocations=73 (full 0):
 garbage-first heap   total 188416K, used 51149K [0x00000000a0000000, 0x0000000100000000)
  region size 1024K, 4 young (4096K), 4 survivors (4096K)
 Metaspace       used 67429K, committed 67904K, reserved 1114112K
  class space    used 8519K, committed 8768K, reserved 1048576K
}
Event: 84.348 GC heap before
{Heap before GC invocations=73 (full 0):
 garbage-first heap   total 188416K, used 158669K [0x00000000a0000000, 0x0000000100000000)
  region size 1024K, 110 young (112640K), 4 survivors (4096K)
 Metaspace       used 67429K, committed 67904K, reserved 1114112K
  class space    used 8519K, committed 8768K, reserved 1048576K
}
Event: 84.353 GC heap after
{Heap after GC invocations=74 (full 0):
 garbage-first heap   total 188416K, used 51225K [0x00000000a0000000, 0x0000000100000000)
  region size 1024K, 4 young (4096K), 4 survivors (4096K)
 Metaspace       used 67429K, committed 67904K, reserved 1114112K
  class space    used 8519K, committed 8768K, reserved 1048576K
}
Event: 84.703 GC heap before
{Heap before GC invocations=74 (full 0):
 garbage-first heap   total 188416K, used 158745K [0x00000000a0000000, 0x0000000100000000)
  region size 1024K, 110 young (112640K), 4 survivors (4096K)
 Metaspace       used 67431K, committed 67904K, reserved 1114112K
  class space    used 8519K, committed 8768K, reserved 1048576K
}
Event: 84.708 GC heap after
{Heap after GC invocations=75 (full 0):
 garbage-first heap   total 188416K, used 51827K [0x00000000a0000000, 0x0000000100000000)
  region size 1024K, 4 young (4096K), 4 survivors (4096K)
 Metaspace       used 67431K, committed 67904K, reserved 1114112K
  class space    used 8519K, committed 8768K, reserved 1048576K
}
Event: 85.074 GC heap before
{Heap before GC invocations=75 (full 0):
 garbage-first heap   total 188416K, used 159347K [0x00000000a0000000, 0x0000000100000000)
  region size 1024K, 110 young (112640K), 4 survivors (4096K)
 Metaspace       used 67432K, committed 67904K, reserved 1114112K
  class space    used 8519K, committed 8768K, reserved 1048576K
}
Event: 85.080 GC heap after
{Heap after GC invocations=76 (full 0):
 garbage-first heap   total 188416K, used 52062K [0x00000000a0000000, 0x0000000100000000)
  region size 1024K, 4 young (4096K), 4 survivors (4096K)
 Metaspace       used 67432K, committed 67904K, reserved 1114112K
  class space    used 8519K, committed 8768K, reserved 1048576K
}
Event: 85.567 GC heap before
{Heap before GC invocations=76 (full 0):
 garbage-first heap   total 188416K, used 159582K [0x00000000a0000000, 0x0000000100000000)
  region size 1024K, 110 young (112640K), 4 survivors (4096K)
 Metaspace       used 67434K, committed 67904K, reserved 1114112K
  class space    used 8519K, committed 8768K, reserved 1048576K
}
Event: 85.570 GC heap after
{Heap after GC invocations=77 (full 0):
 garbage-first heap   total 188416K, used 49194K [0x00000000a0000000, 0x0000000100000000)
  region size 1024K, 3 young (3072K), 3 survivors (3072K)
 Metaspace       used 67434K, committed 67904K, reserved 1114112K
  class space    used 8519K, committed 8768K, reserved 1048576K
}
Event: 86.028 GC heap before
{Heap before GC invocations=77 (full 0):
 garbage-first heap   total 188416K, used 157738K [0x00000000a0000000, 0x0000000100000000)
  region size 1024K, 110 young (112640K), 3 survivors (3072K)
 Metaspace       used 67434K, committed 67904K, reserved 1114112K
  class space    used 8519K, committed 8768K, reserved 1048576K
}
Event: 86.032 GC heap after
{Heap after GC invocations=78 (full 0):
 garbage-first heap   total 188416K, used 49897K [0x00000000a0000000, 0x0000000100000000)
  region size 1024K, 3 young (3072K), 3 survivors (3072K)
 Metaspace       used 67434K, committed 67904K, reserved 1114112K
  class space    used 8519K, committed 8768K, reserved 1048576K
}
Event: 86.603 GC heap before
{Heap before GC invocations=78 (full 0):
 garbage-first heap   total 188416K, used 164585K [0x00000000a0000000, 0x0000000100000000)
  region size 1024K, 110 young (112640K), 3 survivors (3072K)
 Metaspace       used 67438K, committed 67904K, reserved 1114112K
  class space    used 8519K, committed 8768K, reserved 1048576K
}
Event: 86.607 GC heap after
{Heap after GC invocations=79 (full 0):
 garbage-first heap   total 188416K, used 51972K [0x00000000a0000000, 0x0000000100000000)
  region size 1024K, 2 young (2048K), 2 survivors (2048K)
 Metaspace       used 67438K, committed 67904K, reserved 1114112K
  class space    used 8519K, committed 8768K, reserved 1048576K
}

